<?xml version="1.0" encoding="UTF-8"?>
<coverage generated="1629109013503" clover="3.2.0">
  <project timestamp="1629109013503" name="All files">
    <metrics statements="44" coveredstatements="43" conditionals="4" coveredconditionals="3" methods="16" coveredmethods="16" elements="64" coveredelements="62" complexity="0" loc="44" ncloc="44" packages="1" files="6" classes="6"/>
    <file name="Count.vue" path="/Users/louis/code/vue/jest-test/src/components/Count.vue">
      <metrics statements="4" coveredstatements="4" conditionals="0" coveredconditionals="0" methods="1" coveredmethods="1"/>
      <line num="7" count="1" type="stmt"/>
      <line num="8" count="1" type="stmt"/>
      <line num="10" count="1" type="stmt"/>
      <line num="12" count="1" type="stmt"/>
    </file>
    <file name="HelloWorld.vue" path="/Users/louis/code/vue/jest-test/src/components/HelloWorld.vue">
      <metrics statements="1" coveredstatements="1" conditionals="0" coveredconditionals="0" methods="0" coveredmethods="0"/>
      <line num="8" count="3" type="stmt"/>
    </file>
    <file name="Loading.vue" path="/Users/louis/code/vue/jest-test/src/components/Loading.vue">
      <metrics statements="22" coveredstatements="22" conditionals="2" coveredconditionals="2" methods="5" coveredmethods="5"/>
      <line num="3" count="1" type="stmt"/>
      <line num="6" count="1" type="stmt"/>
      <line num="8" count="1" type="stmt"/>
      <line num="32" count="1" type="stmt"/>
      <line num="36" count="2" type="stmt"/>
      <line num="37" count="2" type="stmt"/>
      <line num="39" count="2" type="stmt"/>
      <line num="40" count="1" type="stmt"/>
      <line num="41" count="1" type="stmt"/>
      <line num="44" count="2" type="stmt"/>
      <line num="45" count="1" type="stmt"/>
      <line num="46" count="1" type="stmt"/>
      <line num="50" count="2" type="stmt"/>
      <line num="51" count="2" type="cond" truecount="2" falsecount="0"/>
      <line num="54" count="2" type="stmt"/>
      <line num="63" count="1" type="stmt"/>
      <line num="64" count="1" type="stmt"/>
      <line num="66" count="1" type="stmt"/>
      <line num="69" count="1" type="stmt"/>
      <line num="71" count="1" type="stmt"/>
      <line num="74" count="5" type="stmt"/>
      <line num="79" count="1" type="stmt"/>
    </file>
    <file name="Message.vue" path="/Users/louis/code/vue/jest-test/src/components/Message.vue">
      <metrics statements="5" coveredstatements="5" conditionals="0" coveredconditionals="0" methods="4" coveredmethods="4"/>
      <line num="11" count="1" type="stmt"/>
      <line num="14" count="1" type="stmt"/>
      <line num="17" count="1" type="stmt"/>
      <line num="20" count="1" type="stmt"/>
      <line num="23" count="1" type="stmt"/>
    </file>
    <file name="Timer.vue" path="/Users/louis/code/vue/jest-test/src/components/Timer.vue">
      <metrics statements="11" coveredstatements="10" conditionals="2" coveredconditionals="1" methods="6" coveredmethods="6"/>
      <line num="9" count="1" type="stmt"/>
      <line num="12" count="3" type="stmt"/>
      <line num="19" count="2" type="stmt"/>
      <line num="20" count="2" type="stmt"/>
      <line num="21" count="30" type="stmt"/>
      <line num="22" count="30" type="cond" truecount="1" falsecount="1"/>
      <line num="23" count="0" type="stmt"/>
      <line num="28" count="1" type="stmt"/>
      <line num="29" count="1" type="stmt"/>
      <line num="33" count="3" type="stmt"/>
      <line num="34" count="2" type="stmt"/>
    </file>
    <file name="WithSlot.vue" path="/Users/louis/code/vue/jest-test/src/components/WithSlot.vue">
      <metrics statements="1" coveredstatements="1" conditionals="0" coveredconditionals="0" methods="0" coveredmethods="0"/>
      <line num="16" count="1" type="stmt"/>
    </file>
  </project>
</coverage>
