{"/Users/louis/code/vue/jest-test/src/components/Count.vue": {"path":"/Users/louis/code/vue/jest-test/src/components/Count.vue","statementMap":{"0":{"start":{"line":7,"column":0},"end":{"line":7,"column":null}},"1":{"start":{"line":8,"column":15},"end":{"line":8,"column":null}},"2":{"start":{"line":10,"column":18},"end":{"line":10,"column":22}},"3":{"start":{"line":12,"column":4},"end":{"line":12,"column":11}}},"fnMap":{"0":{"name":"(anonymous_0)","decl":{"start":{"line":9,"column":2},"end":{"line":9,"column":7}},"loc":{"start":{"line":9,"column":10},"end":{"line":15,"column":null}}}},"branchMap":{},"s":{"0":1,"1":1,"2":1,"3":1},"f":{"0":1},"b":{}}
,"/Users/louis/code/vue/jest-test/src/components/HelloWorld.vue": {"path":"/Users/louis/code/vue/jest-test/src/components/HelloWorld.vue","statementMap":{"0":{"start":{"line":8,"column":15},"end":{"line":8,"column":null}}},"fnMap":{},"branchMap":{},"s":{"0":3},"f":{},"b":{}}
,"/Users/louis/code/vue/jest-test/src/components/Loading.vue": {"path":"/Users/louis/code/vue/jest-test/src/components/Loading.vue","statementMap":{"0":{"start":{"line":3,"column":0},"end":{"line":5,"column":3}},"1":{"start":{"line":6,"column":0},"end":{"line":6,"column":25}},"2":{"start":{"line":8,"column":11},"end":{"line":8,"column":25}},"3":{"start":{"line":32,"column":15},"end":{"line":62,"column":1}},"4":{"start":{"line":36,"column":24},"end":{"line":36,"column":44}},"5":{"start":{"line":37,"column":24},"end":{"line":37,"column":41}},"6":{"start":{"line":39,"column":17},"end":{"line":42,"column":5}},"7":{"start":{"line":40,"column":6},"end":{"line":40,"column":31}},"8":{"start":{"line":41,"column":6},"end":{"line":41,"column":23}},"9":{"start":{"line":44,"column":17},"end":{"line":47,"column":5}},"10":{"start":{"line":45,"column":6},"end":{"line":45,"column":32}},"11":{"start":{"line":46,"column":6},"end":{"line":46,"column":23}},"12":{"start":{"line":50,"column":27},"end":{"line":52,"column":5}},"13":{"start":{"line":51,"column":6},"end":{"line":51,"column":71}},"14":{"start":{"line":54,"column":4},"end":{"line":59,"column":6}},"15":{"start":{"line":63,"column":0},"end":{"line":63,"column":27}},"16":{"start":{"line":64,"column":0},"end":{"line":64,"column":13}},"17":{"start":{"line":66,"column":0},"end":{"line":68,"column":3}},"18":{"start":{"line":69,"column":0},"end":{"line":69,"column":24}},"19":{"start":{"line":71,"column":11},"end":{"line":71,"column":25}},"20":{"start":{"line":74,"column":2},"end":{"line":78,"column":40}},"21":{"start":{"line":79,"column":2},"end":{"line":79,"column":49}}},"fnMap":{"0":{"name":"(anonymous_0)","decl":{"start":{"line":35,"column":2},"end":{"line":35,"column":3}},"loc":{"start":{"line":35,"column":10},"end":{"line":60,"column":3}},"line":35},"1":{"name":"(anonymous_1)","decl":{"start":{"line":39,"column":17},"end":{"line":39,"column":18}},"loc":{"start":{"line":39,"column":23},"end":{"line":42,"column":5}},"line":39},"2":{"name":"(anonymous_2)","decl":{"start":{"line":44,"column":17},"end":{"line":44,"column":18}},"loc":{"start":{"line":44,"column":23},"end":{"line":47,"column":5}},"line":44},"3":{"name":"(anonymous_3)","decl":{"start":{"line":50,"column":27},"end":{"line":50,"column":28}},"loc":{"start":{"line":50,"column":33},"end":{"line":52,"column":5}},"line":50},"4":{"name":"render","decl":{"start":{"line":73,"column":9},"end":{"line":73,"column":15}},"loc":{"start":{"line":73,"column":30},"end":{"line":79,"column":1}},"line":73}},"branchMap":{"0":{"loc":{"start":{"line":51,"column":26},"end":{"line":51,"column":70}},"type":"cond-expr","locations":[{"start":{"line":51,"column":46},"end":{"line":51,"column":65}},{"start":{"line":51,"column":68},"end":{"line":51,"column":70}}],"line":51}},"s":{"0":1,"1":1,"2":1,"3":1,"4":2,"5":2,"6":2,"7":1,"8":1,"9":2,"10":1,"11":1,"12":2,"13":2,"14":2,"15":1,"16":1,"17":1,"18":1,"19":1,"20":5,"21":1},"f":{"0":2,"1":1,"2":1,"3":2,"4":5},"b":{"0":[1,1]},"_coverageSchema":"43e27e138ebf9cfc5966b082cf9a028302ed4184","hash":"3f5390a44715bd419b629d06f9e6d80195f7ed1d"}
,"/Users/louis/code/vue/jest-test/src/components/Message.vue": {"path":"/Users/louis/code/vue/jest-test/src/components/Message.vue","statementMap":{"0":{"start":{"line":11,"column":15},"end":{"line":11,"column":null}},"1":{"start":{"line":14,"column":6},"end":{"line":14,"column":11}},"2":{"start":{"line":17,"column":6},"end":{"line":17,"column":11}},"3":{"start":{"line":20,"column":6},"end":{"line":20,"column":11}},"4":{"start":{"line":23,"column":6},"end":{"line":23,"column":11}}},"fnMap":{"0":{"name":"(anonymous_0)","decl":{"start":{"line":13,"column":4},"end":{"line":13,"column":22}},"loc":{"start":{"line":13,"column":25},"end":{"line":15,"column":null}}},"1":{"name":"(anonymous_1)","decl":{"start":{"line":16,"column":4},"end":{"line":16,"column":22}},"loc":{"start":{"line":16,"column":25},"end":{"line":18,"column":null}}},"2":{"name":"(anonymous_2)","decl":{"start":{"line":19,"column":4},"end":{"line":19,"column":20}},"loc":{"start":{"line":19,"column":23},"end":{"line":21,"column":null}}},"3":{"name":"(anonymous_3)","decl":{"start":{"line":22,"column":4},"end":{"line":22,"column":19}},"loc":{"start":{"line":22,"column":22},"end":{"line":24,"column":null}}}},"branchMap":{},"s":{"0":1,"1":1,"2":1,"3":1,"4":1},"f":{"0":1,"1":1,"2":1,"3":1},"b":{}}
,"/Users/louis/code/vue/jest-test/src/components/Timer.vue": {"path":"/Users/louis/code/vue/jest-test/src/components/Timer.vue","statementMap":{"0":{"start":{"line":9,"column":15},"end":{"line":9,"column":null}},"1":{"start":{"line":12,"column":4},"end":{"line":12,"column":11}},"2":{"start":{"line":19,"column":6},"end":{"line":19,"column":11}},"3":{"start":{"line":20,"column":6},"end":{"line":20,"column":11}},"4":{"start":{"line":21,"column":8},"end":{"line":21,"column":13}},"5":{"start":{"line":22,"column":8},"end":{"line":24,"column":null}},"6":{"start":{"line":23,"column":10},"end":{"line":23,"column":15}},"7":{"start":{"line":28,"column":6},"end":{"line":28,"column":11}},"8":{"start":{"line":29,"column":6},"end":{"line":29,"column":19}},"9":{"start":{"line":33,"column":4},"end":{"line":33,"column":14}},"10":{"start":{"line":34,"column":6},"end":{"line":34,"column":11}}},"fnMap":{"0":{"name":"(anonymous_0)","decl":{"start":{"line":11,"column":2},"end":{"line":11,"column":6}},"loc":{"start":{"line":11,"column":9},"end":{"line":16,"column":null}}},"1":{"name":"(anonymous_1)","decl":{"start":{"line":18,"column":4},"end":{"line":18,"column":9}},"loc":{"start":{"line":18,"column":12},"end":{"line":26,"column":null}}},"2":{"name":"(anonymous_2)","decl":{"start":{"line":20,"column":31},"end":{"line":20,"column":37}},"loc":{"start":{"line":20,"column":37},"end":{"line":25,"column":9}}},"3":{"name":"(anonymous_3)","decl":{"start":{"line":27,"column":4},"end":{"line":27,"column":10}},"loc":{"start":{"line":27,"column":13},"end":{"line":30,"column":null}}},"4":{"name":"(anonymous_4)","decl":{"start":{"line":32,"column":2},"end":{"line":32,"column":9}},"loc":{"start":{"line":32,"column":12},"end":{"line":36,"column":null}}},"5":{"name":"(anonymous_5)","decl":{"start":{"line":33,"column":15},"end":{"line":33,"column":21}},"loc":{"start":{"line":33,"column":21},"end":{"line":35,"column":7}}}},"branchMap":{"0":{"loc":{"start":{"line":22,"column":8},"end":{"line":24,"column":null}},"type":"if","locations":[{"start":{"line":22,"column":8},"end":{"line":24,"column":null}},{"start":{"line":22,"column":8},"end":{"line":24,"column":null}}]}},"s":{"0":1,"1":3,"2":2,"3":2,"4":30,"5":30,"6":0,"7":1,"8":1,"9":3,"10":2},"f":{"0":3,"1":2,"2":30,"3":1,"4":3,"5":2},"b":{"0":[0,30]}}
,"/Users/louis/code/vue/jest-test/src/components/WithSlot.vue": {"path":"/Users/louis/code/vue/jest-test/src/components/WithSlot.vue","statementMap":{"0":{"start":{"line":16,"column":15},"end":{"line":16,"column":null}}},"fnMap":{},"branchMap":{},"s":{"0":1},"f":{},"b":{}}
}
