{"/Users/louis/code/vue/jest-test/src/components/HelloWorld.vue": {"path":"/Users/louis/code/vue/jest-test/src/components/HelloWorld.vue","statementMap":{"0":{"start":{"line":8,"column":15},"end":{"line":8,"column":null}}},"fnMap":{},"branchMap":{},"s":{"0":1},"f":{},"b":{}}
,"/Users/louis/code/vue/jest-test/src/components/Loading.vue": {"path":"/Users/louis/code/vue/jest-test/src/components/Loading.vue","statementMap":{"0":{"start":{"line":3,"column":0},"end":{"line":5,"column":3}},"1":{"start":{"line":6,"column":0},"end":{"line":6,"column":25}},"2":{"start":{"line":7,"column":15},"end":{"line":32,"column":1}},"3":{"start":{"line":9,"column":4},"end":{"line":12,"column":6}},"4":{"start":{"line":17,"column":6},"end":{"line":17,"column":30}},"5":{"start":{"line":18,"column":6},"end":{"line":18,"column":28}},"6":{"start":{"line":22,"column":6},"end":{"line":22,"column":31}},"7":{"start":{"line":23,"column":6},"end":{"line":23,"column":28}},"8":{"start":{"line":28,"column":6},"end":{"line":28,"column":69}},"9":{"start":{"line":33,"column":0},"end":{"line":33,"column":27}},"10":{"start":{"line":34,"column":0},"end":{"line":34,"column":13}},"11":{"start":{"line":36,"column":0},"end":{"line":38,"column":3}},"12":{"start":{"line":39,"column":0},"end":{"line":39,"column":24}},"13":{"start":{"line":41,"column":11},"end":{"line":41,"column":25}},"14":{"start":{"line":44,"column":2},"end":{"line":48,"column":40}},"15":{"start":{"line":49,"column":2},"end":{"line":49,"column":49}}},"fnMap":{"0":{"name":"(anonymous_0)","decl":{"start":{"line":8,"column":2},"end":{"line":8,"column":3}},"loc":{"start":{"line":8,"column":9},"end":{"line":13,"column":3}},"line":8},"1":{"name":"(anonymous_1)","decl":{"start":{"line":16,"column":4},"end":{"line":16,"column":5}},"loc":{"start":{"line":16,"column":11},"end":{"line":19,"column":5}},"line":16},"2":{"name":"(anonymous_2)","decl":{"start":{"line":21,"column":4},"end":{"line":21,"column":5}},"loc":{"start":{"line":21,"column":11},"end":{"line":24,"column":5}},"line":21},"3":{"name":"(anonymous_3)","decl":{"start":{"line":27,"column":4},"end":{"line":27,"column":5}},"loc":{"start":{"line":27,"column":21},"end":{"line":29,"column":5}},"line":27},"4":{"name":"render","decl":{"start":{"line":43,"column":9},"end":{"line":43,"column":15}},"loc":{"start":{"line":43,"column":30},"end":{"line":49,"column":1}},"line":43}},"branchMap":{"0":{"loc":{"start":{"line":28,"column":25},"end":{"line":28,"column":68}},"type":"cond-expr","locations":[{"start":{"line":28,"column":44},"end":{"line":28,"column":63}},{"start":{"line":28,"column":66},"end":{"line":28,"column":68}}],"line":28}},"s":{"0":1,"1":1,"2":1,"3":2,"4":1,"5":1,"6":1,"7":1,"8":2,"9":1,"10":1,"11":1,"12":1,"13":1,"14":5,"15":1},"f":{"0":2,"1":1,"2":1,"3":2,"4":5},"b":{"0":[1,1]},"_coverageSchema":"43e27e138ebf9cfc5966b082cf9a028302ed4184","hash":"c47ba753e33b34c826dcdb8e4d6973e3779fdf18"}
}
