TN:
SF:/Users/louis/code/vue/jest-test/src/components/HelloWorld.vue
FNF:0
FNH:0
DA:8,1
LF:1
LH:1
BRF:0
BRH:0
end_of_record
TN:
SF:/Users/louis/code/vue/jest-test/src/components/Loading.vue
FN:8,(anonymous_0)
FN:16,(anonymous_1)
FN:21,(anonymous_2)
FN:27,(anonymous_3)
FN:43,render
FNF:5
FNH:5
FNDA:2,(anonymous_0)
FNDA:1,(anonymous_1)
FNDA:1,(anonymous_2)
FNDA:2,(anonymous_3)
FNDA:5,render
DA:3,1
DA:6,1
DA:7,1
DA:9,2
DA:17,1
DA:18,1
DA:22,1
DA:23,1
DA:28,2
DA:33,1
DA:34,1
DA:36,1
DA:39,1
DA:41,1
DA:44,5
DA:49,1
LF:16
LH:16
BRDA:28,0,0,1
BRDA:28,0,1,1
BRF:2
BRH:2
end_of_record
