TN:
SF:/Users/louis/code/vue/jest-test/src/components/ChildComp.vue
FN:10,(anonymous_0)
FN:11,(anonymous_1)
FNF:2
FNH:1
FNDA:2,(anonymous_0)
FNDA:0,(anonymous_1)
DA:8,2
DA:11,2
DA:12,0
DA:14,2
LF:4
LH:3
BRF:0
BRH:0
end_of_record
TN:
SF:/Users/louis/code/vue/jest-test/src/components/Count.vue
FN:9,(anonymous_0)
FNF:1
FNH:1
FNDA:1,(anonymous_0)
DA:7,1
DA:8,1
DA:10,1
DA:12,1
LF:4
LH:4
BRF:0
BRH:0
end_of_record
TN:
SF:/Users/louis/code/vue/jest-test/src/components/HelloWorld.vue
FNF:0
FNH:0
DA:8,3
LF:1
LH:1
BRF:0
BRH:0
end_of_record
TN:
SF:/Users/louis/code/vue/jest-test/src/components/Input.vue
FN:17,(anonymous_0)
FNF:1
FNH:1
FNDA:1,(anonymous_0)
DA:13,1
DA:18,1
LF:2
LH:2
BRF:0
BRH:0
end_of_record
TN:
SF:/Users/louis/code/vue/jest-test/src/components/Loading.vue
FN:35,(anonymous_0)
FN:39,(anonymous_1)
FN:44,(anonymous_2)
FN:50,(anonymous_3)
FN:73,render
FNF:5
FNH:5
FNDA:2,(anonymous_0)
FNDA:1,(anonymous_1)
FNDA:1,(anonymous_2)
FNDA:2,(anonymous_3)
FNDA:5,render
DA:3,1
DA:6,1
DA:8,1
DA:32,1
DA:36,2
DA:37,2
DA:39,2
DA:40,1
DA:41,1
DA:44,2
DA:45,1
DA:46,1
DA:50,2
DA:51,2
DA:54,2
DA:63,1
DA:64,1
DA:66,1
DA:69,1
DA:71,1
DA:74,5
DA:79,1
LF:22
LH:22
BRDA:51,0,0,1
BRDA:51,0,1,1
BRF:2
BRH:2
end_of_record
TN:
SF:/Users/louis/code/vue/jest-test/src/components/Message.vue
FN:13,(anonymous_0)
FN:16,(anonymous_1)
FN:19,(anonymous_2)
FN:22,(anonymous_3)
FNF:4
FNH:4
FNDA:1,(anonymous_0)
FNDA:1,(anonymous_1)
FNDA:1,(anonymous_2)
FNDA:1,(anonymous_3)
DA:11,1
DA:14,1
DA:17,1
DA:20,1
DA:23,1
LF:5
LH:5
BRF:0
BRH:0
end_of_record
TN:
SF:/Users/louis/code/vue/jest-test/src/components/ParentComp.vue
FN:14,(anonymous_0)
FN:20,(anonymous_1)
FNF:2
FNH:2
FNDA:1,(anonymous_0)
FNDA:1,(anonymous_1)
DA:9,1
DA:11,1
DA:15,1
DA:21,1
LF:4
LH:4
BRF:0
BRH:0
end_of_record
TN:
SF:/Users/louis/code/vue/jest-test/src/components/Route.vue
FN:25,(anonymous_0)
FNF:1
FNH:1
FNDA:1,(anonymous_0)
DA:13,1
DA:26,1
LF:2
LH:2
BRF:0
BRH:0
end_of_record
TN:
SF:/Users/louis/code/vue/jest-test/src/components/Snapshot.vue
FN:15,(anonymous_0)
FNF:1
FNH:1
FNDA:2,(anonymous_0)
DA:8,1
DA:16,2
LF:2
LH:2
BRF:0
BRH:0
end_of_record
TN:
SF:/Users/louis/code/vue/jest-test/src/components/Timer.vue
FN:11,(anonymous_0)
FN:18,(anonymous_1)
FN:20,(anonymous_2)
FN:27,(anonymous_3)
FN:32,(anonymous_4)
FN:33,(anonymous_5)
FNF:6
FNH:6
FNDA:3,(anonymous_0)
FNDA:2,(anonymous_1)
FNDA:30,(anonymous_2)
FNDA:1,(anonymous_3)
FNDA:3,(anonymous_4)
FNDA:2,(anonymous_5)
DA:9,1
DA:12,3
DA:19,2
DA:20,2
DA:21,30
DA:22,30
DA:23,0
DA:28,1
DA:29,1
DA:33,3
DA:34,2
LF:11
LH:10
BRDA:22,0,0,0
BRDA:22,0,1,30
BRF:2
BRH:1
end_of_record
TN:
SF:/Users/louis/code/vue/jest-test/src/components/WithSlot.vue
FNF:0
FNH:0
DA:16,1
LF:1
LH:1
BRF:0
BRH:0
end_of_record
TN:
SF:/Users/louis/code/vue/jest-test/src/components/WithThirdParty.vue
FNF:0
FNH:0
DA:6,1
LF:1
LH:1
BRF:0
BRH:0
end_of_record
TN:
SF:/Users/louis/code/vue/jest-test/src/store/index.js
FN:5,(anonymous_0)
FN:8,(anonymous_1)
FN:14,(anonymous_2)
FN:15,(anonymous_3)
FN:20,(anonymous_4)
FN:27,(anonymous_5)
FNF:6
FNH:6
FNDA:1,(anonymous_0)
FNDA:3,(anonymous_1)
FNDA:1,(anonymous_2)
FNDA:3,(anonymous_3)
FNDA:1,(anonymous_4)
FNDA:3,(anonymous_5)
DA:4,1
DA:6,1
DA:9,3
DA:13,1
DA:15,3
DA:19,1
DA:21,1
DA:22,1
DA:26,1
DA:28,3
LF:10
LH:10
BRF:0
BRH:0
end_of_record
TN:
SF:/Users/louis/code/vue/jest-test/src/store/login/index.js
FN:1,(anonymous_0)
FN:7,(anonymous_1)
FN:10,(anonymous_2)
FN:16,(anonymous_3)
FN:20,(anonymous_4)
FN:27,(anonymous_5)
FN:30,(anonymous_6)
FNF:7
FNH:7
FNDA:4,(anonymous_0)
FNDA:2,(anonymous_1)
FNDA:2,(anonymous_2)
FNDA:1,(anonymous_3)
FNDA:1,(anonymous_4)
FNDA:3,(anonymous_5)
FNDA:3,(anonymous_6)
DA:1,4
DA:6,2
DA:8,2
DA:11,2
DA:15,2
DA:17,1
DA:18,1
DA:21,1
DA:22,1
DA:26,2
DA:28,3
DA:31,3
LF:12
LH:12
BRF:0
BRH:0
end_of_record
